<?xml version="1.0" encoding="UTF-8"?>
<!-- Generated by org.testng.reporters.JUnitReportReporter -->
<testsuite skipped="0" hostname="RANITA-PC" name="com.crm.qa.testcases.HomePageTest" tests="3" failures="0" timestamp="04 Jan 2019 06:51:37 GMT" time="71.047" errors="0">
  <testcase name="validateHomePageTitleTest" time="22.793" classname="com.crm.qa.testcases.HomePageTest"/>
  <testcase name="userNameLabelTest" time="21.771" classname="com.crm.qa.testcases.HomePageTest"/>
  <testcase name="clickContactsLinkTest" time="26.483" classname="com.crm.qa.testcases.HomePageTest"/>
</testsuite> <!-- com.crm.qa.testcases.HomePageTest -->
