<?xml version="1.0" encoding="UTF-8"?>
<!-- Generated by org.testng.reporters.JUnitReportReporter -->
<testsuite skipped="0" hostname="RANITA-PC" name="com.crm.qa.testcases.LoginPageTest" tests="3" failures="0" timestamp="04 Jan 2019 07:28:30 GMT" time="49.651" errors="0">
  <testcase name="loinPageTitleTest" time="15.750" classname="com.crm.qa.testcases.LoginPageTest"/>
  <testcase name="crmLogoImageTest" time="8.095" classname="com.crm.qa.testcases.LoginPageTest"/>
  <testcase name="loginTest" time="25.806" classname="com.crm.qa.testcases.LoginPageTest"/>
</testsuite> <!-- com.crm.qa.testcases.LoginPageTest -->
