<?xml version="1.0" encoding="UTF-8"?>
<!-- Generated by org.testng.reporters.JUnitReportReporter -->
<testsuite skipped="0" hostname="RANITA-PC" name="com.crm.qa.testcases.ContactsPageTest" tests="1" failures="0" timestamp="04 Jan 2019 08:24:55 GMT" time="49.643" errors="0">
  <testcase name="validateCreateNewContactTest" time="49.643" classname="com.crm.qa.testcases.ContactsPageTest"/>
</testsuite> <!-- com.crm.qa.testcases.ContactsPageTest -->
